1.93438           0
1.97813   0.0437484
1.99039   0.0280788
2.00263   0.0233218
2.01242   0.0205497
2.03282   0.0264109
2.03782   0.0228739
2.0416   0.0201685
2.04625   0.0183836
2.04752   0.0164917
2.0466   0.0149455
2.04664   0.0136434
2.04596   0.0125687
2.04687   0.0116717
2.0482   0.0109475
2.05024   0.0104404
2.05154  0.00989319
2.05099  0.00934378
2.05078  0.00884068
2.053  0.00867682
2.05622  0.00885696
2.05837  0.00871429
2.05933  0.00838252
2.06054  0.00811622
2.06168  0.00786796
2.06122   0.0075738
2.06003  0.00738392
2.06073  0.00714982
2.06163  0.00695685
2.06408  0.00715391
2.06644  0.00731147
2.06801  0.00725131
2.06848  0.00704399
2.06951  0.00691036
2.07085  0.00684202
2.07157  0.00668846
2.07306  0.00667364
2.07288  0.00649824
2.07309  0.00633308
2.07456  0.00634414
2.07672  0.00655665
2.07893  0.00676924
2.08086  0.00688476
2.08277   0.0069937
2.08407  0.00695741
2.08476  0.00683948
2.08559  0.00674446
2.08609  0.00662112
2.08668  0.00651167
2.0873  0.00640938
2.0877  0.00629518
2.08746  0.00617743
2.08728  0.00606236
2.08789  0.00598004
2.0891  0.00599294
2.09041  0.00602947
2.09075  0.00593247
2.09046  0.00583664
2.09058  0.00573812
2.09131  0.00568921
2.09188  0.00562386
2.09231  0.00554897
2.09323  0.00553833
2.09449  0.00559465
2.09544  0.00558971
2.09655  0.00561382
2.09788  0.00568842
2.09884  0.00568602
2.09983    0.005689
2.10141  0.00582513
2.10304  0.00596949
2.10516  0.00625646
2.10762  0.00664142
2.10937  0.00678149
2.11032  0.00675759
2.11061  0.00667418
2.11016  0.00660193
2.10961  0.00654001
2.10954  0.00645703
2.10889  0.00640906
2.10839  0.00634925
2.10781  0.00629797
2.10766  0.00622358
2.10785   0.0061522
2.108  0.00608112
2.10787  0.00601145
2.10742  0.00595886
2.10736  0.00589102
2.10746   0.0058253
2.10779  0.00576966
2.10789  0.00570677
2.10782  0.00564479
2.10761  0.00558769
2.10736  0.00553357
2.10704  0.00548493
2.10656  0.00544796
2.10665  0.00539227
2.10698  0.00534715
2.10792   0.0053749
2.10884  0.00540046
