1.71221           0
1.71218 3.08772e-05
1.71215 4.07071e-05
1.71212 3.84135e-05
1.71211 3.02326e-05
1.71212 2.52005e-05
1.71212 2.13276e-05
1.71212 1.85329e-05
1.71212 1.67878e-05
1.71212 1.50767e-05
1.71212 1.50699e-05
1.71213 1.40977e-05
1.71213 1.53057e-05
1.71214 1.43111e-05
1.71214 1.33235e-05
1.71214  1.2463e-05
1.71213 1.27401e-05
1.71213 1.32278e-05
1.71212 1.36292e-05
1.71212 1.37554e-05
1.71211 1.36012e-05
1.71211 1.31685e-05
1.71211 1.28165e-05
1.71211 1.24838e-05
1.7121 1.21453e-05
1.7121 1.24177e-05
1.71209 1.32684e-05
1.71209 1.39791e-05
1.71208 1.44841e-05
1.71208 1.53315e-05
1.71207 1.62336e-05
1.71206 1.69374e-05
1.71206 1.77317e-05
1.71205 1.78172e-05
1.71205 1.74919e-05
1.71205 1.71946e-05
1.71204 1.69185e-05
1.71204 1.66198e-05
1.71204 1.61956e-05
1.71204  1.5789e-05
1.71204 1.54132e-05
1.71204 1.50778e-05
1.71204  1.4727e-05
1.71204 1.44015e-05
1.71204 1.40781e-05
1.71204 1.37703e-05
1.71204 1.35847e-05
1.71204 1.35625e-05
1.71205 1.34517e-05
1.71205 1.32588e-05
1.71205 1.30384e-05
1.71205 1.27868e-05
1.71205 1.26044e-05
1.71205   1.256e-05
1.71204 1.26897e-05
1.71204 1.28134e-05
1.71204 1.30485e-05
1.71203 1.32268e-05
1.71203 1.31649e-05
1.71203 1.29995e-05
1.71203  1.2879e-05
1.71203 1.26741e-05
1.71203 1.24771e-05
1.71203 1.22938e-05
1.71203 1.21567e-05
1.71203 1.19923e-05
1.71203 1.18127e-05
1.71203 1.16439e-05
1.71203 1.14742e-05
1.71203 1.13303e-05
1.71202   1.131e-05
1.71202  1.1441e-05
1.71202 1.18519e-05
1.71201 1.22328e-05
1.71201 1.22546e-05
1.71201 1.21589e-05
1.71201  1.2006e-05
1.71201 1.18556e-05
1.71201 1.17472e-05
1.71201 1.16653e-05
1.71201 1.16046e-05
1.71201  1.1514e-05
1.71202 1.14096e-05
1.71202 1.13271e-05
1.71202   1.123e-05
1.71202 1.11104e-05
1.71202 1.09843e-05
1.71202 1.08725e-05
1.71202 1.08835e-05
1.71201 1.09455e-05
1.71201 1.10372e-05
1.71201 1.10105e-05
1.71201 1.08999e-05
1.71201 1.07869e-05
1.71201 1.06935e-05
1.71201 1.06088e-05
1.71201 1.05556e-05
1.71201 1.06042e-05
1.712 1.09048e-05
1.712 1.10621e-05
