0.0683299           0
0.0669225  0.00140739
0.0642658  0.00277822
0.063651  0.00205847
0.0630943  0.00168885
0.0639908  0.00164472
0.0626923  0.00190218
0.0622498  0.00170573
0.0626148  0.00154796
0.0622938  0.00142125
0.061955  0.00132947
0.0622496  0.00124886
0.0619128  0.00119714
0.062046  0.00111631
0.0619097  0.00104812
0.0616683  0.00100972
0.0614462 0.000974135
0.0611983 0.000951268
0.0610941 0.000905829
0.0610932 0.000859345
0.0611471 0.000819178
0.0610093 0.000793117
0.0612313 0.000789681
0.0613339 0.000762997
0.0612182 0.000740938
0.061125 0.000717945
0.0610333 0.000696895
0.0610944 0.000674316
0.0610792 0.000650827
0.0611398 0.000631674
0.0610885 0.000613108
0.0611289 0.000595013
0.0609199 0.000613405
0.0608336 0.000601317
0.0607015 0.000598639
0.0605953 0.000591384
0.0606765 0.000580881
0.0607238 0.000567363
0.0607017 0.000553065
0.0607809 0.000544856
0.0608188 0.000532744
0.0607529 0.000524063
0.0607928 0.000513287
0.0608956 0.000511915
0.0609236 0.000501194
0.0608926 0.000491162
0.0608983 0.000480632
0.0609679 0.000475627
0.0609501 0.000466157
0.0609332 0.000457053
0.0608916 0.000449931
0.060813 0.000448138
0.0607736 0.000441361
0.0608551 0.000440704
0.0609637 0.000446046
0.0609704  0.00043806
0.060944 0.000431115
0.0609882 0.000425918
0.0609949 0.000418689
0.0610195  0.00041239
0.0609991 0.000406087
0.0608881 0.000414613
0.0608748 0.000408197
0.0608572 0.000402152
0.0608567 0.000395917
0.0608707 0.000390124
0.0608439 0.000385186
0.0608781  0.00038101
0.0608862 0.000375536
0.0608855 0.000370133
0.0608492 0.000366683
0.0609632 0.000379102
0.0610192 0.000378049
0.0611395 0.000391822
0.0611165 0.000387248
0.0611306 0.000382377
0.0610837 0.000380281
0.0610667 0.000375759
0.0611103 0.000373535
0.0611127 0.000368843
0.0610977 0.000364568
0.0610448 0.000363964
0.0610204 0.000360375
0.0610531  0.00035755
0.0611371 0.000363167
0.0611899 0.000362791
0.0611894 0.000358597
0.0611967 0.000354573
0.0612296 0.000352105
0.0612755 0.000351189
0.0613135 0.000349377
0.0613328 0.000346099
0.0612908 0.000344929
0.0612599 0.000342634
0.0612674 0.000339093
0.0612682 0.000335543
0.0612377 0.000333461
0.0612183 0.000330614
0.0612986 0.000336977
0.0613103 0.000333796
