1.28959           0
1.31875   0.0291656
1.32693   0.0187192
1.33508   0.0155479
1.34161   0.0136998
1.35521   0.0176072
1.35854   0.0152493
1.36107   0.0134457
1.36417   0.0122557
1.36501   0.0109945
1.3644  0.00996369
1.36443  0.00909561
1.36397  0.00837916
1.36458  0.00778112
1.36547  0.00729836
1.36682  0.00696029
1.36769  0.00659546
1.36732  0.00622918
1.36719  0.00589379
1.36867  0.00578455
1.37081  0.00590464
1.37225  0.00580953
1.37289  0.00558834
1.3737  0.00541081
1.37446  0.00524531
1.37414   0.0050492
1.37335  0.00492261
1.37382  0.00476655
1.37442   0.0046379
1.37605  0.00476927
1.37763  0.00487432
1.37867  0.00483421
1.37899    0.004696
1.37967  0.00460691
1.38056  0.00456135
1.38105  0.00445897
1.38204   0.0044491
1.38192  0.00433216
1.38206  0.00422205
1.38304  0.00422943
1.38448   0.0043711
1.38596  0.00451282
1.38724  0.00458984
1.38852  0.00466247
1.38938  0.00463828
1.38984  0.00455966
1.3904   0.0044963
1.39073  0.00441408
1.39112  0.00434112
1.39153  0.00427292
1.3918  0.00419679
1.39164  0.00411828
1.39152  0.00404157
1.39193   0.0039867
1.39273  0.00399529
1.39361  0.00401965
1.39383  0.00395498
1.39364  0.00389109
1.39372  0.00382541
1.39421  0.00379281
1.39458  0.00374924
1.39487  0.00369931
1.39549  0.00369222
1.39633  0.00372977
1.39696  0.00372647
1.3977  0.00374255
1.39859  0.00379228
1.39923  0.00379068
1.39989  0.00379267
1.40094  0.00388342
1.40203  0.00397966
1.40344  0.00417097
1.40508  0.00442761
1.40625  0.00452099
1.40688  0.00450506
1.40707  0.00444945
1.40677  0.00440129
1.40641  0.00436001
1.40636  0.00430469
1.40593  0.00427271
1.40559  0.00423283
1.40521  0.00419865
1.4051  0.00414905
1.40524  0.00410147
1.40533  0.00405408
1.40524  0.00400764
1.40494  0.00397257
1.40491  0.00392735
1.40497  0.00388353
1.40519  0.00384644
1.40526  0.00380451
1.40522  0.00376319
1.40508  0.00372513
1.40491  0.00368905
1.40469  0.00365662
1.40438  0.00363197
1.40444  0.00359484
1.40466  0.00356477
1.40528  0.00358327
1.4059  0.00360031
