-0.222165           0
-0.265944   0.0437792
-0.278246   0.0281108
-0.290507   0.0233544
-0.300307   0.0205744
-0.320698   0.0264198
-0.325695   0.0228811
-0.329485   0.0201748
-0.334135     0.01839
-0.335403   0.0164973
-0.334479    0.014951
-0.334517   0.0136484
-0.333825   0.0125737
-0.33473   0.0116761
-0.336066   0.0109517
-0.338099   0.0104442
-0.339407  0.00989738
-0.338859   0.0093474
-0.33866  0.00884398
-0.340889  0.00868105
-0.344106  0.00886206
-0.346259  0.00871956
-0.347227   0.0083878
-0.348438  0.00812157
-0.349581  0.00787333
-0.349117  0.00757868
-0.347935  0.00738763
-0.348643  0.00715394
-0.349544  0.00696148
-0.352001  0.00716026
-0.35437  0.00731942
-0.355947  0.00726019
-0.356426  0.00705303
-0.357457  0.00691972
-0.358797  0.00685144
-0.359523  0.00669784
-0.361015  0.00668311
-0.360834  0.00650739
-0.36105    0.006342
-0.362515  0.00635267
-0.364685  0.00656472
-0.366895  0.00677702
-0.368821  0.00689216
-0.370735  0.00700048
-0.372027  0.00696394
-0.372717  0.00684582
-0.373552  0.00675039
-0.374046  0.00662672
-0.374638  0.00651694
-0.375248  0.00641438
-0.375647      0.0063
-0.375411  0.00618216
-0.375235  0.00606697
-0.375845  0.00598476
-0.377054  0.00599808
-0.378369  0.00603505
-0.378712  0.00593814
-0.378423  0.00584204
-0.378545  0.00574347
-0.37928  0.00569458
-0.379849  0.00562927
-0.380278   0.0055543
-0.381205  0.00554344
-0.382464  0.00559968
-0.383418  0.00559478
-0.384522  0.00561886
-0.385858  0.00569321
-0.386819  0.00569061
-0.387804  0.00569344
-0.389383  0.00582953
-0.391016  0.00597415
-0.393139  0.00626165
-0.3956  0.00664752
-0.397356  0.00678823
-0.398309  0.00676448
-0.398595  0.00668102
-0.398151  0.00660864
-0.397599  0.00654664
-0.397532  0.00646359
-0.396879  0.00641562
-0.396376  0.00635582
-0.395797  0.00630453
-0.39564  0.00623008
-0.395836  0.00615859
-0.39598  0.00608741
-0.395847  0.00601768
-0.395398  0.00596501
-0.395343   0.0058971
-0.395444  0.00583134
-0.395776  0.00577573
-0.395878  0.00571282
-0.395813  0.00565075
-0.395604  0.00559357
-0.395355  0.00553936
-0.395026  0.00549061
-0.394555   0.0054535
-0.394647  0.00539777
-0.394978  0.00535269
-0.395917  0.00538082
-0.396843  0.00540665
