1.23394 0
1.24119 0.00725124
1.23955 0.00449589
1.24042 0.00329552
1.24086 0.00258968
1.2425 0.00267554
1.24075 0.00285608
1.24175 0.00266877
1.24091 0.00250074
1.24168 0.00236643
1.24189 0.00215021
1.24196 0.00196447
1.24191 0.00180795
1.24264 0.0018269
1.24123 0.00220792
1.24175 0.00212852
1.24166 0.00200133
1.24136 0.00191067
1.24163 0.00182741
1.24141 0.00174739
1.24143 0.00166227
1.24189 0.00165066
1.24165 0.00159606
1.24122 0.00158851
1.24129 0.00152547
1.24168 0.00151688
1.24136 0.00149531
1.24125 0.00144502
1.24125 0.0013943
1.24136 0.00135173
1.24143 0.00130922
1.2412 0.00128821
1.2411 0.00125245
1.24139 0.00124876
1.24129 0.00121657
1.24107 0.00120245
1.24114 0.00117123
1.24151 0.00119994
1.24095 0.0012961
1.24105 0.0012671
1.24122 0.00124742
1.2408 0.00128666
1.24095 0.00126485
1.24079 0.00124563
1.24066 0.00122497
1.24067 0.00119813
1.24044 0.00119547
1.24058 0.00117937
1.2406 0.00115512
1.24056 0.00113228
1.24045 0.00111595
1.24036 0.0010978
1.24021 0.00108643
1.24032 0.00107122
1.24037 0.0010526
1.24018 0.00104944
1.24045 0.00106543
1.2401 0.00110435
1.24006 0.00108617
1.24011 0.00106896
1.24014 0.00105186
1.24027 0.00104289
1.24025 0.00102641
1.24009 0.00102428
1.24005 0.00100897
1.23992 0.00100183
1.23983 0.000991111
1.23972 0.000982175
1.23976 0.000968685
1.2397 0.000956848
1.23973 0.000943683
1.23973 0.000930486
1.23968 0.000919
1.23977 0.000911266
1.23971 0.000901628
1.23973 0.000889976
1.23973 0.00087836
1.23979 0.000868978
1.23972 0.000861233
1.23968 0.000851154
1.23974 0.00084239
1.23983 0.000836886
1.23975 0.000830027
1.23985 0.000826042
1.23974 0.000824134
1.23983 0.00081973
1.23991 0.000814635
1.23985 0.00080785
1.23992 0.00080207
1.23977 0.000807626
1.2397 0.00080228
1.23972 0.000793879
1.23971 0.000785399
1.23971 0.000777016
1.23978 0.000771771
1.23977 0.000763826
1.23968 0.000760857
1.23972 0.000754434
1.23977 0.000748407
1.23972 0.000743231
