9.81461 0
9.79995 0.0146659
9.81918 0.0210134
9.82134 0.0150147
9.82049 0.0116616
9.81505 0.0109644
9.82522 0.01376
9.82119 0.0125805
9.82774 0.0128845
9.82413 0.0120759
9.82438 0.0109258
9.82359 0.0100048
9.82441 0.0092393
9.82139 0.00906917
9.82803 0.0107393
9.82645 0.0101694
9.82664 0.00955436
9.82946 0.00943775
9.8272 0.00920816
9.8274 0.00873791
9.82695 0.00832354
9.82537 0.00809258
9.82792 0.00814212
9.83027 0.00814246
9.82999 0.00781472
9.82881 0.00760166
9.83027 0.00746007
9.83113 0.00723927
9.83105 0.00698554
9.83068 0.00675903
9.83075 0.00653774
9.83208 0.00646835
9.83232 0.00627366
9.83035 0.00639597
9.82985 0.00623095
9.83012 0.0060618
9.8293 0.00595353
9.82642 0.00646975
9.8289 0.00677275
9.82782 0.00668946
9.82664 0.00662971
9.82854 0.00674217
9.82812 0.00659643
9.82945 0.00658063
9.83 0.00645617
9.82968 0.00632259
9.83054 0.00624673
9.82979 0.00616183
9.82975 0.00603492
9.83006 0.0059211
9.83053 0.00582315
9.83143 0.0057807
9.83161 0.00567339
9.83109 0.00559131
9.83085 0.00549412
9.83201 0.00551968
9.83092 0.00553114
9.8326 0.00568925
9.83285 0.00559724
9.83249 0.00551481
9.83256 0.0054241
9.83214 0.00535226
9.83236 0.00527147
9.83316 0.00524979
9.83339 0.00517351
9.8337 0.00510339
9.8336 0.0050275
9.83393 0.00496368
9.83351 0.0049091
9.83347 0.00483861
9.83302 0.00479161
9.8327 0.0047351
9.83289 0.00467364
9.83261 0.00461874
9.83303 0.00457615
9.83292 0.00451672
9.83331 0.00447407
9.83325 0.00441675
9.83385 0.00440184
9.83384 0.00434647
9.83353 0.00430374
9.83306 0.00427687
9.83324 0.00422873
9.83271 0.00421097
9.83302 0.0041725
9.83231 0.00418411
9.83213 0.00413965
9.83237 0.00409967
9.83206 0.00406551
9.83239 0.00403331
9.83239 0.00398874
9.83185 0.00398125
9.8317 0.00394111
9.83143 0.00390861
9.83114 0.00387787
9.83107 0.00383784
9.83138 0.00381067
9.831 0.00379059
9.83097 0.0037522
9.83122 0.00372249
