-6.62033 0
-6.62847 0.00814402
-6.62647 0.00510769
-6.62742 0.00373432
-6.6276 0.00289791
-6.62924 0.00287684
-6.62766 0.00289895
-6.62875 0.00273991
-6.62799 0.0025349
-6.62875 0.00239098
-6.62889 0.00216759
-6.6289 0.00197875
-6.62884 0.00182118
-6.62952 0.00181959
-6.62818 0.00216484
-6.62867 0.00208466
-6.62858 0.00196026
-6.62824 0.00187881
-6.62855 0.00180367
-6.6283 0.00172878
-6.62835 0.00164506
-6.62885 0.00164489
-6.62859 0.00159175
-6.62808 0.00160986
-6.62813 0.00154509
-6.62852 0.00153407
-6.62811 0.00153092
-6.62796 0.0014826
-6.62796 0.00143058
-6.62805 0.00138545
-6.62812 0.00134153
-6.62783 0.00132971
-6.62773 0.00129246
-6.62803 0.00128732
-6.62796 0.00125191
-6.62775 0.00123331
-6.62778 0.00119987
-6.62818 0.00123392
-6.62759 0.00134173
-6.62769 0.00131205
-6.62789 0.0012956
-6.62751 0.00132268
-6.62763 0.00129766
-6.62745 0.00128023
-6.62732 0.00125896
-6.62732 0.00123128
-6.62705 0.00123327
-6.6272 0.00121566
-6.62723 0.00119108
-6.62721 0.00116712
-6.62712 0.00114802
-6.62704 0.00112873
-6.62693 0.00111264
-6.62704 0.00109806
-6.62708 0.00107844
-6.6269 0.00107431
-6.62716 0.00108823
-6.62681 0.0011262
-6.62677 0.00110761
-6.62682 0.00109007
-6.62686 0.001073
-6.62702 0.00106756
-6.627 0.00105078
-6.62683 0.00104872
-6.62678 0.00103342
-6.62666 0.00102456
-6.62657 0.00101343
-6.62646 0.00100403
-6.62651 0.00099053
-6.62645 0.000977985
-6.6265 0.00096502
-6.6265 0.00095154
-6.62646 0.000939428
-6.62655 0.000931462
-6.62649 0.00092113
-6.6265 0.000909047
-6.62652 0.000897413
-6.6266 0.000889088
-6.6265 0.000883392
-6.62646 0.000873394
-6.62652 0.000864536
-6.62661 0.000859273
-6.62653 0.000853179
-6.62662 0.000848712
-6.62651 0.000846924
-6.62659 0.000841671
-6.62669 0.000837379
-6.62661 0.000831761
-6.62667 0.000824955
-6.62652 0.000830841
-6.62645 0.000824509
-6.62647 0.000815703
-6.62645 0.000807118
-6.62645 0.000798486
-6.62651 0.000792472
-6.6265 0.000784289
-6.6264 0.000782675
-6.62644 0.000775955
-6.62649 0.000769995
-6.62643 0.000764966
