0.822627 0
0.827461 0.00483416
0.826368 0.00299726
0.826947 0.00219701
0.827238 0.00172646
0.828331 0.00178369
0.827168 0.00190405
0.827836 0.00177918
0.827273 0.00166716
0.827788 0.00157762
0.827924 0.00143348
0.827976 0.00130964
0.827938 0.0012053
0.828426 0.00121793
0.827488 0.00147195
0.827831 0.00141901
0.827772 0.00133422
0.827572 0.00127378
0.827752 0.00121828
0.827606 0.00116493
0.827622 0.00110818
0.827929 0.00110044
0.827767 0.00106404
0.827477 0.001059
0.827527 0.00101698
0.827788 0.00101125
0.827571 0.000996875
0.827499 0.000963348
0.827499 0.000929536
0.827574 0.000901155
0.82762 0.000872813
0.827467 0.000858804
0.827402 0.000834966
0.827594 0.000832508
0.827528 0.000811047
0.827382 0.000801631
0.827424 0.000780823
0.827674 0.000799962
0.827301 0.000864063
0.827366 0.000844732
0.827479 0.000831614
0.827202 0.000857773
0.827299 0.000843235
0.827195 0.00083042
0.827105 0.000816648
0.827115 0.000798751
0.826959 0.000796983
0.827056 0.000786247
0.827064 0.000770077
0.827042 0.000754855
0.826964 0.000743964
0.826905 0.000731866
0.82681 0.000724286
0.826879 0.00071415
0.82691 0.000701735
0.826789 0.000699626
0.826969 0.000710284
0.826735 0.000736233
0.826709 0.000724113
0.82674 0.000712637
0.826763 0.000701241
0.82685 0.000695259
0.826836 0.000684272
0.826724 0.000682854
0.826701 0.00067265
0.826615 0.000667885
0.826553 0.000660741
0.826483 0.000654784
0.82651 0.00064579
0.826467 0.000637899
0.826486 0.000629122
0.826487 0.000620324
0.826454 0.000612666
0.826516 0.000607511
0.826471 0.000601085
0.826486 0.000593317
0.82649 0.000585573
0.826528 0.000579319
0.826478 0.000574155
0.826454 0.000567436
0.826491 0.000561594
0.826551 0.000557924
0.826502 0.000553352
0.826568 0.000550695
0.826492 0.000549422
0.826554 0.000546487
0.82661 0.00054309
0.826567 0.000538567
0.826616 0.000534713
0.826514 0.000538418
0.826464 0.000534854
0.82648 0.000529253
0.826472 0.000523599
0.826475 0.000518011
0.82652 0.000514514
0.826511 0.000509218
0.826453 0.000507238
0.826483 0.000502956
0.826516 0.000498938
0.826477 0.000495487
