-5.38639 0
-5.38728 0.000892772
-5.38692 0.00062648
-5.387 0.000450309
-5.38674 0.00043549
-5.38674 0.000355589
-5.38691 0.000343321
-5.387 0.00031217
-5.38708 0.000286414
-5.38707 0.000256537
-5.38701 0.000239361
-5.38694 0.000230075
-5.38693 0.000211661
-5.38688 0.000201724
-5.38694 0.000197137
-5.38692 0.000185465
-5.38692 0.000174227
-5.38688 0.000168461
-5.38692 0.000163754
-5.38689 0.00015781
-5.38692 0.000151872
-5.38695 0.000148787
-5.38694 0.00014236
-5.38686 0.000160583
-5.38684 0.000155327
-5.38684 0.000149289
-5.38675 0.000164935
-5.38672 0.000163605
-5.38671 0.000158075
-5.38669 0.000153555
-5.38669 0.000148613
-5.38663 0.000154125
-5.38663 0.000149386
-5.38664 0.000144964
-5.38667 0.000143829
-5.38668 0.000140817
-5.38665 0.000141251
-5.38667 0.000139522
-5.38664 0.000140647
-5.38664 0.000137306
-5.38668 0.000137878
-5.3867 0.000137474
-5.38668 0.000135789
-5.38666 0.000134383
-5.38666 0.000131405
-5.38665 0.000129232
-5.38662 0.000129843
-5.38661 0.000127163
-5.38663 0.000126487
-5.38665 0.000125286
-5.38667 0.000124495
-5.38668 0.000122206
-5.38671 0.000124647
-5.38672 0.000122932
-5.38671 0.000121349
-5.38671 0.000119165
-5.38671 0.000117106
-5.38671 0.000115085
-5.38671 0.000113119
-5.38671 0.000111225
-5.38672 0.000109878
-5.38675 0.000112088
-5.38674 0.000110399
-5.38674 0.000108761
-5.38673 0.000107589
-5.38674 0.000106369
-5.38674 0.00010477
-5.38674 0.000103218
-5.38675 0.000101978
-5.38675 0.000100667
-5.38677 0.000100238
-5.38677 9.89062e-05
-5.38678 9.77352e-05
-5.38678 9.64165e-05
-5.38678 9.52607e-05
-5.38677 9.4347e-05
-5.38679 9.43934e-05
-5.38681 9.48582e-05
-5.38678 9.66696e-05
-5.38678 9.58113e-05
-5.38678 9.46843e-05
-5.38678 9.37079e-05
-5.38677 9.33443e-05
-5.38677 9.22271e-05
-5.38677 9.12402e-05
-5.38676 9.0267e-05
-5.38677 8.98865e-05
-5.38676 9.05019e-05
-5.38675 8.98241e-05
-5.38674 8.89758e-05
-5.38675 8.82875e-05
-5.38675 8.75174e-05
-5.38674 8.68346e-05
-5.38673 8.60115e-05
-5.38673 8.52889e-05
-5.38673 8.4402e-05
-5.38672 8.47181e-05
-5.38672 8.38512e-05
-5.38672 8.3144e-05
-5.38672 8.24816e-05
