-6.66758           0
-6.67237  0.00478602
-6.67254   0.0027685
-6.67187  0.00207027
-6.67313  0.00204243
-6.67346  0.00170062
-6.67452  0.00178477
-6.67474  0.00156079
-6.67529  0.00148108
-6.67542  0.00133198
-6.67606  0.00136359
-6.67633  0.00127255
-6.67609  0.00119528
-6.67559  0.00121135
-6.67563  0.00112843
-6.67554  0.00105975
-6.67549  0.00099642
-6.67567 0.000955089
-6.67636  0.00113791
-6.67613  0.00110393
-6.6761  0.00105031
-6.67653  0.00108971
-6.67604   0.0011541
-6.67657  0.00122544
-6.67632  0.00120098
-6.67682  0.00125967
-6.67635   0.0013007
-6.67674  0.00131039
-6.67669  0.00126514
-6.67685  0.00123257
-6.67647  0.00125114
-6.67641  0.00121279
-6.67632  0.00117927
-6.67635  0.00114451
-6.67619  0.00112312
-6.67652  0.00113988
-6.67643  0.00111216
-6.67651  0.00108582
-6.67643  0.00106104
-6.67657  0.00104425
-6.67656  0.00101857
-6.67666 0.000999652
-6.67659 0.000979256
-6.67687 0.000998539
-6.67698 0.000981562
-6.67681 0.000974137
-6.67714  0.00100727
-6.67732  0.00100357
-6.67735 0.000983291
-6.67734  0.00096348
-6.67754 0.000965921
-6.67724 0.000993447
-6.67747  0.00100144
-6.67755 0.000985487
-6.67754 0.000967455
-6.67752 0.000950222
-6.6776  0.00093714
-6.67772 0.000928764
-6.67753 0.000933427
-6.67762 0.000922413
-6.67756 0.000909473
-6.67745 0.000900683
-6.67739 0.000888504
-6.67744 0.000876208
-6.67745 0.000862635
-6.67743 0.000849785
-6.67748  0.00083861
-6.6775 0.000826411
-6.67748 0.000814453
-6.67741 0.000806054
-6.67722 0.000817498
-6.67713 0.000811144
-6.67718 0.000801695
-6.67728 0.000797581
-6.67718 0.000793464
-6.67728 0.000789199
-6.67726 0.000779194
-6.67727 0.000769176
-6.67733 0.000762302
-6.67726 0.000756493
-6.67735 0.000752952
-6.67729  0.00074658
-6.67737 0.000742466
-6.67725 0.000742908
-6.67724 0.000734306
-6.67727 0.000726616
-6.67722 0.000720615
-6.67722 0.000712396
-6.67727 0.000705981
-6.67731 0.000699222
-6.67738 0.000695717
-6.67743 0.000689969
-6.6774 0.000683226
-6.67743 0.000676311
-6.67741 0.000669487
-6.67742 0.000662704
-6.67735 0.000659806
-6.67736 0.000653088
-6.6774 0.000647855
-6.67725 0.000658619
