1.17173           0
1.17629   0.0045579
1.17629  0.00263151
1.17546  0.00203518
1.17658  0.00193561
1.17685  0.00160259
1.17788  0.00170206
1.17808  0.00148799
1.17864  0.00142424
1.17875  0.00127838
1.17939  0.00132262
1.17963  0.00123197
1.1793  0.00117979
1.17879  0.00120874
1.17881  0.00112554
1.17874  0.00105508
1.17864 0.000995988
1.1789  0.00097291
1.17956   0.0011325
1.17936  0.00109316
1.1793  0.00104111
1.1798  0.00110905
1.17931  0.00116635
1.17982  0.00122526
1.17956  0.00120327
1.18003  0.00124893
1.17958  0.00128194
1.17996  0.00129264
1.17992  0.00124825
1.18001  0.00120934
1.17961  0.00123595
1.17957  0.00119729
1.17948  0.00116375
1.17953  0.00112994
1.17936  0.00110967
1.17967  0.00112134
1.17958   0.0010944
1.17965  0.00106743
1.17954  0.00104497
1.1797  0.00103122
1.17969  0.00100579
1.17981 0.000988371
1.17974 0.000967713
1.17999 0.000977439
1.18007 0.000958899
1.17994  0.00094701
1.18025 0.000977474
1.18039 0.000967914
1.1804 0.000947977
1.18039 0.000928917
1.18056 0.000926652
1.18025 0.000959819
1.18048 0.000969533
1.18054 0.000953188
1.1805 0.000936372
1.18046 0.000920564
1.18053 0.000907069
1.18065 0.000899027
1.18046 0.000902962
1.18056  0.00089321
1.18048 0.000882025
1.18038 0.000873726
1.18031 0.000862252
1.18036 0.000850107
1.18036 0.000836927
1.18035 0.000824251
1.18039 0.000812919
1.18041  0.00080111
1.18041 0.000789415
1.18034 0.000780829
1.18016 0.000791798
1.18008 0.000784367
1.18012 0.000774527
1.18021 0.000769567
1.18011 0.000765787
1.18022 0.000762905
1.18019 0.000753554
1.18021 0.000744039
1.18027 0.000737817
1.18019 0.000733615
1.18028 0.000730009
1.18023 0.000722964
1.1803 0.000717866
1.1802 0.000715582
1.18017 0.000707968
1.18021 0.000700769
1.18014 0.000695506
1.18013  0.00068767
1.18017 0.000680763
1.18022 0.000675263
1.18028 0.000670401
1.18033 0.000665473
1.1803 0.000659031
1.18032 0.000652215
1.1803 0.000645752
1.18031 0.000639162
1.18024 0.000636331
1.18025 0.000629812
1.18028 0.000624186
1.18013 0.000634218
