0.781152           0
0.78419   0.0030386
0.784191  0.00175434
0.783641  0.00135678
0.78439  0.00129041
0.784567  0.00106839
0.785254  0.00113471
0.78539 0.000991995
0.785759 0.000949491
0.78583 0.000852252
0.786258 0.000881747
0.786422  0.00082131
0.786203 0.000786528
0.785858 0.000805827
0.785874 0.000750362
0.785828  0.00070339
0.785762 0.000663992
0.785932 0.000648607
0.786372 0.000755002
0.786238 0.000728776
0.786203 0.000694076
0.786533 0.000739365
0.786208 0.000777568
0.786544 0.000816839
0.786372 0.000802178
0.786687 0.000832618
0.786389 0.000854625
0.786643 0.000861759
0.78661  0.00083217
0.786671 0.000806225
0.786404 0.000823965
0.786379 0.000798194
0.786321 0.000775834
0.786352 0.000753296
0.786241 0.000739781
0.786446 0.000747559
0.786385 0.000729601
0.786431  0.00071162
0.786361 0.000696647
0.786469 0.000687477
0.786463 0.000670524
0.78654 0.000658914
0.786493 0.000645142
0.786658 0.000651626
0.786712 0.000639266
0.786624  0.00063134
0.786832 0.000651649
0.786929 0.000645276
0.786933 0.000631985
0.786925 0.000619278
0.787039 0.000617768
0.786833 0.000639879
0.786987 0.000646356
0.787026 0.000635458
0.787002 0.000624248
0.786973 0.000613709
0.78702 0.000604713
0.787099 0.000599351
0.786975 0.000601975
0.787041 0.000595474
0.786988 0.000588017
0.786919 0.000582484
0.786876 0.000574835
0.786908 0.000566738
0.786908 0.000557951
0.786899 0.000549501
0.786927 0.000541946
0.78694 0.000534073
0.786939 0.000526277
0.786895 0.000520552
0.786771 0.000527866
0.786721 0.000522911
0.786747 0.000516351
0.786809 0.000513045
0.786742 0.000510524
0.786812 0.000508604
0.786792  0.00050237
0.786803 0.000496026
0.78685 0.000491878
0.786792 0.000489077
0.786852 0.000486673
0.786817 0.000481976
0.786865 0.000478578
0.786802 0.000477055
0.786779 0.000471978
0.786805  0.00046718
0.786763 0.000463671
0.786755 0.000458447
0.786777 0.000453842
0.786813 0.000450175
0.786852 0.000446934
0.78689 0.000443649
0.786869 0.000439354
0.78688  0.00043481
0.786865 0.000430501
0.786874 0.000426108
0.786828  0.00042422
0.78683 0.000419874
0.786851 0.000416124
0.786756 0.000422812
