9.52863           0
9.51844   0.0101855
9.51323  0.00785586
9.51846  0.00763058
9.51951  0.00600253
9.521  0.00512231
9.51601   0.0066083
9.51538  0.00575759
9.51213  0.00602572
9.51178  0.00540137
9.50988  0.00524233
9.50841  0.00500432
9.51108  0.00531936
9.51258  0.00514789
9.51274  0.00479523
9.51369  0.00458581
9.51365  0.00430784
9.51347  0.00406551
9.51011  0.00510544
9.51147  0.00502977
9.51172  0.00479067
9.50892  0.00535673
9.51052   0.0053646
9.50811  0.00567636
9.50934  0.00558236
9.50753  0.00566091
9.50977  0.00588951
9.50762  0.00606774
9.50717  0.00587176
9.50688  0.00568034
9.50935  0.00602479
9.50931  0.00583364
9.50986  0.00568102
9.50938  0.00553213
9.50957   0.0053749
9.5078  0.00551305
9.50841  0.00539568
9.50794  0.00527254
9.50804  0.00513659
9.50699  0.00511556
9.50711  0.00499065
9.50643  0.00491801
9.50658  0.00480476
9.50488  0.00499141
9.50425  0.00492007
9.50484  0.00484804
9.50316  0.00503199
9.50236  0.00499032
9.50193  0.00490662
9.50245  0.00483582
9.5017  0.00479895
9.50345  0.00502026
9.50248  0.00501976
9.5023  0.00492911
9.50243  0.00484021
9.50275  0.00476411
9.50242  0.00469159
9.50221  0.00461477
9.50339   0.0046884
9.50289   0.0046368
9.50307  0.00456371
9.50379  0.00454632
9.50396  0.00447669
9.50378  0.00440956
9.50357   0.0043463
9.50341  0.00428314
9.50341  0.00421873
9.50306  0.00417132
9.50308   0.0041105
9.50316   0.0040521
9.50392  0.00406603
9.50456  0.00405923
9.5043  0.00401109
9.5039  0.00397753
9.50444  0.00396128
9.50361    0.003995
9.50362  0.00394278
9.50349  0.00389414
9.50313  0.00386086
9.50362  0.00384386
9.50313  0.00382763
9.50318    0.003781
9.50266  0.00377175
9.50312  0.00375473
9.50316  0.00371057
9.503   0.0036708
9.50335  0.00364498
9.5036  0.00361234
9.50367  0.00357212
9.50357  0.00353371
9.50323  0.00351091
9.50284  0.00349474
9.50295  0.00345876
9.50291  0.00342193
9.50285  0.00338628
9.50259  0.00336095
9.5029   0.0033399
9.50283  0.00330633
9.50267  0.00327636
9.50357  0.00336388
