-5.49585           0
-5.49608 0.000228116
-5.49625 0.000215365
-5.4964 0.000214284
-5.49655 0.000218277
-5.49661 0.000190631
-5.49664 0.000163413
-5.49665  0.00014216
-5.49665 0.000125558
-5.49668 0.000116691
-5.49668 0.000105608
-5.49669 9.83633e-05
-5.49678 0.000125096
-5.49681 0.000118474
-5.49682 0.000111439
-5.4968 0.000107337
-5.49685 0.000114874
-5.49677 0.000136032
-5.4968  0.00013255
-5.49677 0.000129076
-5.4968 0.000126027
-5.49674 0.000136585
-5.49672 0.000130938
-5.49675 0.000127956
-5.49676 0.000123288
-5.49679 0.000122893
-5.49677 0.000120996
-5.49677 0.000116606
-5.49678 0.000112687
-5.49685 0.000128587
-5.49687 0.000125908
-5.49684 0.000123581
-5.49684 0.000119981
-5.49682 0.000117234
-5.49683 0.000113895
-5.49685 0.000112726
-5.49685  0.00010967
-5.49687 0.000107945
-5.49689 0.000106941
-5.49687 0.000105555
-5.49686 0.000103152
-5.49685 0.000101167
-5.49685 9.90567e-05
-5.49688 0.000103941
-5.49691 0.000104052
-5.49687 0.000107242
-5.49689 0.000105934
-5.49693 0.000111506
-5.49695 0.000111438
-5.49695 0.000109223
-5.49698 0.000111351
-5.49699 0.000109599
-5.49699 0.000107514
-5.49701  0.00010665
-5.49703  0.00010775
-5.49706 0.000108677
-5.49707 0.000107471
-5.49707 0.000105656
-5.49707 0.000104242
-5.49706  0.00010264
-5.49707 0.000101998
-5.49707 0.000100346
-5.49708 9.87786e-05
-5.49708 9.73589e-05
-5.49709 9.60252e-05
-5.49708 9.51195e-05
-5.49709 9.42534e-05
-5.49709  9.2857e-05
-5.49707 9.23165e-05
-5.49707 9.12837e-05
-5.49706 9.02236e-05
-5.49705 9.02404e-05
-5.49706 9.00652e-05
-5.49707 8.95671e-05
-5.49707 8.83897e-05
-5.49706 8.74201e-05
-5.49707 8.67027e-05
-5.49706 8.61836e-05
-5.49706 8.51229e-05
-5.49707 8.47244e-05
-5.49707 8.37785e-05
-5.49706  8.3738e-05
-5.49707 8.37402e-05
-5.49705 8.57547e-05
-5.49707 8.66428e-05
-5.49707 8.56752e-05
-5.49707 8.47796e-05
-5.49709  8.5594e-05
-5.4971 8.57359e-05
-5.49709 8.58573e-05
-5.49711  8.6701e-05
-5.4971 8.59555e-05
-5.4971 8.50265e-05
-5.49711 8.43062e-05
-5.49711 8.34582e-05
-5.49711 8.26231e-05
-5.49711 8.18185e-05
-5.49711 8.11241e-05
-5.49712 8.11306e-05
-5.49712 8.06171e-05
