1.99826 0
2.09996 0.101702
2.09422 0.0589984
2.12467 0.0516521
2.12009 0.0402714
2.13474 0.035999
2.12766 0.0312373
2.11787 0.0287711
2.1142 0.0256373
2.10741 0.0239159
2.11953 0.0248005
2.13744 0.0288622
2.1317 0.027161
2.12916 0.0252744
2.13526 0.0243061
2.12166 0.0264908
2.13776 0.0296371
2.13497 0.0280808
2.13652 0.0266067
2.1417 0.0257666
2.13936 0.02462
2.13209 0.0245743
2.13309 0.0235026
2.13442 0.0225418
2.13007 0.0220554
2.13234 0.0213111
2.13561 0.0207654
2.13042 0.0206709
2.13073 0.0199477
2.13438 0.0196148
2.12877 0.0197828
2.12014 0.0210106
2.12287 0.0205465
2.11902 0.0203018
2.11422 0.0202884
2.10992 0.0201803
2.11004 0.0196277
2.11061 0.0191126
2.11452 0.0190226
2.1121 0.018699
2.10941 0.0184342
2.10848 0.0180137
2.1113 0.0178133
2.1127 0.0174602
2.11373 0.0170991
2.10977 0.0171875
2.11233 0.0170115
2.10959 0.0168771
2.10849 0.0165657
2.10617 0.0163955
2.10891 0.0163033
2.1074 0.0160576
2.10651 0.0157769
2.11446 0.0174032
2.11722 0.0173054
2.11725 0.0169936
2.11539 0.0167965
2.11873 0.0168402
2.11946 0.0165682
2.12059 0.0163289
2.12054 0.016059
2.12228 0.0158928
2.12421 0.015757
2.12674 0.0157142
2.13217 0.0163961
2.13451 0.0163144
2.13614 0.0161515
2.13853 0.0160914
2.13795 0.0158674
2.13628 0.0157271
2.13502 0.0155554
2.13162 0.0157106
2.13298 0.0155536
2.13351 0.0153512
2.13363 0.0151455
2.13351 0.0149454
2.13161 0.0148723
2.13108 0.0146898
2.12795 0.0148363
2.12805 0.01465
2.12884 0.0144893
2.12691 0.0144403
2.12816 0.0143197
2.12698 0.0141971
2.1283 0.014091
2.13039 0.014082
2.12952 0.0139463
2.13302 0.0142244
2.13123 0.0141775
2.13298 0.0141284
2.13151 0.0140498
2.13203 0.013906
2.13273 0.0137737
2.13067 0.0137817
2.12929 0.0137057
2.13079 0.0136451
2.12897 0.013626
2.12927 0.0134895
2.12815 0.0133994
2.13168 0.0137256
