1.64481 0
1.63894 0.00586623
1.64097 0.00394876
1.63339 0.00808477
1.63587 0.00673735
1.63084 0.00745787
1.62998 0.0063604
1.63369 0.00663969
1.63428 0.00588506
1.6358 0.00547943
1.63791 0.00538661
1.63381 0.00640126
1.63354 0.00589478
1.63564 0.00584736
1.63797 0.00592489
1.6414 0.00651542
1.63744 0.00729082
1.63847 0.00695026
1.63889 0.00658793
1.6381 0.00629921
1.63908 0.00607112
1.64115 0.00614724
1.64134 0.00587683
1.64112 0.00563079
1.64231 0.00552987
1.64189 0.00532926
1.64163 0.00513446
1.64302 0.00513821
1.64198 0.00506494
1.64171 0.00490073
1.64311 0.00494114
1.64426 0.00492083
1.64383 0.00478895
1.64453 0.00469891
1.64544 0.00465288
1.64599 0.0045554
1.64529 0.00448544
1.64489 0.00438461
1.64353 0.00448044
1.64427 0.00442784
1.64415 0.00432008
1.64423 0.00421683
1.64308 0.00427492
1.64292 0.00418006
1.64243 0.00411427
1.64357 0.00418122
1.64356 0.00409132
1.64375 0.00400961
1.64417 0.00394998
1.64435 0.00387417
1.64323 0.00396002
1.64376 0.00391976
1.64354 0.00385134
1.64157 0.00426449
1.64101 0.00422331
1.64101 0.00414721
1.6413 0.00408463
1.64062 0.00407136
1.6405 0.0040036
1.6407 0.00394138
1.64112 0.00389892
1.64056 0.00387642
1.64019 0.0038319
1.64002 0.00377526
1.63902 0.00385017
1.6385 0.0038272
1.63826 0.00377683
1.63747 0.00380502
1.63757 0.00375096
1.63774 0.00370063
1.63801 0.00365798
1.63853 0.00364416
1.63803 0.00362776
1.63814 0.00358016
1.63805 0.00353347
1.63759 0.00351646
1.63758 0.0034705
1.63744 0.00342857
1.63788 0.00341358
1.63826 0.00339184
1.63812 0.00335269
1.63838 0.00332155
1.63816 0.00328862
1.63826 0.0032508
1.63797 0.00322573
1.63763 0.00320596
1.63827 0.00323278
1.63755 0.00327417
1.63751 0.00323753
1.63731 0.00320712
1.63763 0.00318749
1.63757 0.00315327
1.63742 0.00312285
1.6377 0.00310192
1.6377 0.00306909
1.63746 0.00304588
1.6381 0.00308048
1.6382 0.00305041
1.63841 0.00302685
1.63806 0.00301707
