-5.03567 0
-5.02695 0.00871517
-5.02827 0.00520143
-5.02043 0.00866514
-5.02313 0.00723408
-5.01795 0.00785592
-5.01703 0.00670199
-5.02069 0.00685909
-5.02138 0.00608839
-5.02301 0.00568592
-5.0251 0.00555023
-5.0209 0.00658257
-5.02055 0.00606485
-5.02251 0.00594609
-5.02474 0.00596881
-5.02818 0.00655465
-5.02417 0.00734756
-5.02514 0.00699537
-5.02554 0.00662893
-5.02471 0.00634303
-5.02563 0.00610246
-5.02776 0.00619644
-5.02787 0.00592204
-5.02766 0.00567389
-5.02882 0.00556398
-5.02843 0.00535959
-5.02815 0.0051648
-5.02956 0.00517244
-5.02851 0.00510042
-5.02826 0.00493395
-5.02966 0.00497265
-5.03082 0.00495294
-5.03041 0.00481816
-5.03117 0.00473579
-5.03211 0.00469503
-5.03266 0.00459551
-5.032 0.00451884
-5.03159 0.00441707
-5.03021 0.0045167
-5.03093 0.00446006
-5.0308 0.00435177
-5.03093 0.00424878
-5.02978 0.00430535
-5.02967 0.00420784
-5.02922 0.00413727
-5.03041 0.00421803
-5.03038 0.00412746
-5.03059 0.00404585
-5.03099 0.00398335
-5.03117 0.00390695
-5.03004 0.0039919
-5.03056 0.00394816
-5.03034 0.0038791
-5.02834 0.00429986
-5.02773 0.0042648
-5.02774 0.00418796
-5.028 0.00412223
-5.02733 0.00410584
-5.0272 0.0040378
-5.02743 0.0039765
-5.02783 0.00393122
-5.02725 0.00391037
-5.02688 0.00386581
-5.02669 0.00380931
-5.02565 0.00389369
-5.02512 0.00387067
-5.02484 0.00382223
-5.02406 0.00384682
-5.02416 0.00379214
-5.0243 0.00374022
-5.0246 0.00369879
-5.02514 0.00368664
-5.02466 0.00366625
-5.02479 0.00361844
-5.02468 0.00357152
-5.02424 0.00355116
-5.02424 0.00350474
-5.02412 0.00346143
-5.02459 0.00344928
-5.02497 0.00342699
-5.02481 0.00338834
-5.0251 0.00335943
-5.02489 0.00332508
-5.02502 0.00328755
-5.02474 0.0032603
-5.02439 0.00324103
-5.02504 0.00326762
-5.0243 0.00331282
-5.02428 0.00327547
-5.02411 0.00324311
-5.02442 0.00322239
-5.02431 0.00318923
-5.02412 0.00316025
-5.02442 0.00314061
-5.02444 0.00310742
-5.02421 0.00308312
-5.02484 0.0031162
-5.02493 0.00308534
-5.02514 0.00306167
-5.02477 0.0030533
