-3.39086 0
-3.38801 0.00284893
-3.3873 0.00179245
-3.38704 0.00129355
-3.38725 0.00102451
-3.38711 0.000848777
-3.38705 0.000719945
-3.387 0.000625679
-3.3871 0.000561253
-3.38721 0.000514638
-3.38719 0.00046608
-3.38709 0.000437988
-3.38702 0.000408535
-3.38688 0.000404275
-3.38677 0.000391126
-3.38678 0.000365955
-3.38673 0.000347012
-3.38667 0.000331689
-3.38665 0.000314772
-3.38661 0.000301413
-3.38655 0.000293572
-3.38661 0.000286692
-3.38654 0.000282598
-3.38654 0.0002706
-3.38651 0.000261254
-3.38654 0.000252954
-3.38652 0.000244512
-3.38654 0.000236681
-3.38653 0.000228892
-3.38655 0.000221936
-3.38655 0.000214671
-3.38656 0.00020812
-3.38658 0.00020274
-3.38664 0.00020483
-3.38667 0.000202035
-3.38667 0.000196397
-3.3867 0.000194019
-3.3867 0.000188847
-3.38668 0.000185044
-3.38666 0.000181089
-3.38665 0.000176893
-3.3867 0.000177567
-3.38669 0.000173394
-3.38675 0.000178916
-3.38679 0.000178474
-3.38684 0.000182964
-3.38682 0.000180363
-3.38684 0.000177507
-3.38682 0.000174804
-3.38682 0.000171289
-3.38682 0.000167939
-3.3868 0.000165809
-3.3868 0.000162653
-3.38678 0.00016144
-3.38673 0.000166652
-3.38673 0.000163836
-3.3867 0.00016453
-3.38671 0.000162098
-3.3867 0.000159653
-3.38673 0.000159595
-3.38671 0.000158182
-3.38669 0.00015656
-3.38669 0.000154208
-3.38667 0.000152564
-3.38663 0.000156024
-3.38662 0.000153821
-3.38658 0.000156748
-3.38659 0.000154715
-3.38659 0.000152457
-3.38657 0.000152095
-3.38659 0.000151982
-3.38661 0.000150981
-3.38663 0.000150633
-3.38664 0.00014892
-3.38663 0.000147286
-3.38665 0.000146731
-3.38666 0.000144871
-3.38668 0.000145094
-3.38671 0.000145726
-3.38671 0.000143896
-3.38669 0.000143748
-3.38672 0.000145994
-3.38673 0.000144891
-3.38676 0.000144856
-3.38677 0.000144302
-3.38676 0.000142976
-3.38677 0.000141392
-3.38675 0.000141653
-3.38677 0.000142131
-3.3868 0.000143
-3.38679 0.000141523
-3.38674 0.000149472
-3.3867 0.000151962
-3.38672 0.000151661
-3.38674 0.000150786
-3.38675 0.000149413
-3.38674 0.000147875
-3.38673 0.000147031
-3.38674 0.000145613
-3.38672 0.000145128
