1.09654 0
1.09263 0.00391082
1.09398 0.0026325
1.08892 0.00538985
1.09058 0.00449157
1.08722 0.00497191
1.08666 0.00424027
1.08913 0.00442646
1.08952 0.00392338
1.09053 0.00365296
1.09194 0.00359108
1.08921 0.00426751
1.08902 0.00392985
1.09042 0.00389824
1.09198 0.00394993
1.09427 0.00434362
1.09162 0.00486055
1.09231 0.00463351
1.09259 0.00439195
1.09207 0.00419947
1.09272 0.00404741
1.0941 0.00409816
1.09422 0.00391788
1.09408 0.00375386
1.09487 0.00368658
1.09459 0.00355284
1.09442 0.00342297
1.09535 0.00342548
1.09466 0.00337663
1.09447 0.00326715
1.09541 0.0032941
1.09617 0.00328055
1.09588 0.00319263
1.09635 0.00313261
1.09696 0.00310192
1.09733 0.00303693
1.09686 0.00299029
1.09659 0.00292307
1.09569 0.00298696
1.09618 0.00295189
1.0961 0.00288006
1.09616 0.00281122
1.09539 0.00284995
1.09528 0.00278671
1.09496 0.00274285
1.09571 0.00278748
1.09571 0.00272754
1.09583 0.00267307
1.09612 0.00263332
1.09623 0.00258278
1.09548 0.00264001
1.09584 0.00261317
1.09569 0.00256756
1.09438 0.00284299
1.094 0.00281554
1.094 0.00276481
1.0942 0.00272309
1.09375 0.00271424
1.09367 0.00266907
1.0938 0.00262759
1.09408 0.00259928
1.0937 0.00258428
1.09346 0.0025546
1.09335 0.00251684
1.09268 0.00256678
1.09233 0.00255147
1.09218 0.00251789
1.09164 0.00253668
1.09172 0.00250064
1.09182 0.00246709
1.092 0.00243865
1.09235 0.00242944
1.09202 0.0024185
1.0921 0.00238677
1.09203 0.00235564
1.09173 0.00234431
1.09172 0.00231367
1.09163 0.00228571
1.09192 0.00227572
1.09217 0.00226123
1.09208 0.00223512
1.09225 0.00221436
1.09211 0.00219241
1.09217 0.0021672
1.09198 0.00215048
1.09175 0.00213731
1.09218 0.00215519
1.0917 0.00218278
1.09167 0.00215835
1.09154 0.00213808
1.09175 0.00212499
1.09171 0.00210218
1.09161 0.0020819
1.0918 0.00206794
1.0918 0.00204606
1.09164 0.00203059
1.09207 0.00205366
1.09213 0.00203361
1.09227 0.0020179
1.09204 0.00201138
