-3.46582           0
-3.46534 0.000475892
-3.46445 0.000929852
-3.46437 0.000661918
-3.46473  0.00062083
-3.46496 0.000560609
-3.46532 0.000590217
-3.46519 0.000527484
-3.46519 0.000465199
-3.4651 0.000425103
-3.46514 0.000386386
-3.46509 0.000356295
-3.46517 0.000338598
-3.46526 0.000324745
-3.46531 0.000306839
-3.46533 0.000287895
-3.46521 0.000297205
-3.46534 0.000310361
-3.46528 0.000299581
-3.46522 0.000291995
-3.46526 0.000281868
-3.46528 0.000268995
-3.46527 0.000257092
-3.46527 0.000246183
-3.46532 0.000241633
-3.46528 0.000234701
-3.46533 0.000231261
-3.46519 0.000262392
-3.46527 0.000263282
-3.4653 0.000256942
-3.46522 0.000261293
-3.46522 0.000253003
-3.46524 0.000246027
-3.46525  0.00023875
-3.46521 0.000234182
-3.46522 0.000227624
-3.46524 0.000222991
-3.46523 0.000217309
-3.46524 0.000211718
-3.46516 0.000219263
-3.46514 0.000214758
-3.46522 0.000222401
-3.46514 0.000231158
-3.46512 0.000226789
-3.46515 0.000223988
-3.46518 0.000220506
-3.46515 0.000217602
-3.46519 0.000217064
-3.4652 0.000213156
-3.4652 0.000208863
-3.46519 0.000205183
-3.46522 0.000204426
-3.46521 0.000201028
-3.46521 0.000197281
-3.46523 0.000194733
-3.46522 0.000191649
-3.46518  0.00019194
-3.4652 0.000189328
-3.46523 0.000187873
-3.46522 0.000184901
-3.46526  0.00018796
-3.46528 0.000185545
-3.46527  0.00018281
-3.46526 0.000180577
-3.4653 0.000183545
-3.46531 0.000181125
-3.46527 0.000183322
-3.46526 0.000180838
-3.46522  0.00018407
-3.46521 0.000181509
-3.46523 0.000180202
-3.46521 0.000178664
-3.46517  0.00018127
-3.46518 0.000178963
-3.46518 0.000176561
-3.46518 0.000174227
-3.46519 0.000172542
-3.46519 0.000170398
-3.4652  0.00016902
-3.4652 0.000166899
-3.4652 0.000164843
-3.46519 0.000163758
-3.46518 0.000161822
-3.46519 0.000160046
-3.4652 0.000158401
-3.46522 0.000157701
-3.46522 0.000156073
-3.46519  0.00015792
-3.46516 0.000158518
-3.46515 0.000157251
-3.46518 0.000157596
-3.46519 0.000156309
-3.46518 0.000154692
-3.46519 0.000153067
-3.46517 0.000152826
-3.46516 0.000151246
-3.46514  0.00015084
-3.46511 0.000152675
-3.46508 0.000153671
-3.4651 0.000152986
