1.60789           0
1.61559  0.00770256
1.61414  0.00467853
1.6053  0.00943779
1.5869   0.0197996
1.59146    0.016798
1.5927   0.0142512
1.59401   0.0124111
1.59565   0.0110668
1.59132   0.0108036
1.59263  0.00986018
1.58881  0.00977978
1.58653  0.00928054
1.58563  0.00863905
1.58941  0.00888839
1.58818  0.00840521
1.58693  0.00799414
1.58936  0.00791918
1.58964  0.00749618
1.58842  0.00721525
1.59079  0.00725858
1.59189   0.0070087
1.59242  0.00671784
1.59225  0.00643411
1.59226  0.00617139
1.59226  0.00592928
1.59296  0.00574741
1.59185  0.00564897
1.59276  0.00552694
1.59248  0.00534698
1.59204   0.0051901
1.59242  0.00503929
1.59294  0.00491257
1.59302  0.00476653
1.59229  0.00468547
1.59201  0.00456229
1.59206  0.00443763
1.59168  0.00433598
1.5914  0.00423314
1.59174  0.00414055
1.59188  0.00404074
1.59397  0.00446246
1.59321  0.00442406
1.59355  0.00433549
1.59457  0.00436098
1.59507    0.004294
1.59462  0.00422571
1.59411  0.00416866
1.59492  0.00416327
1.59565  0.00414462
1.59596  0.00407437
1.59542  0.00403154
1.59514  0.00396521
1.59455  0.00393484
1.59403  0.00389783
1.59451  0.00385836
1.5943  0.00379614
1.59417   0.0037323
1.5939  0.00367826
1.59348  0.00364099
1.59379  0.00359397
1.59341   0.0035556
1.59248   0.0036219
1.59299  0.00360102
1.59256  0.00357099
1.59197  0.00356576
1.59103  0.00363451
1.59121  0.00358538
1.59097  0.00354159
1.59121   0.0034991
1.59152  0.00346317
1.59144   0.0034156
1.59156  0.00337053
1.59188  0.00333997
1.59196  0.00329622
1.59181  0.00325609
1.59172  0.00321485
1.59153  0.00317934
1.59166  0.00314156
1.59167  0.00310209
1.59103  0.00313001
1.59123  0.00309766
1.59107  0.00306422
1.59095  0.00302986
1.59097  0.00299409
1.59122  0.00296936
1.59128  0.00293578
1.59108  0.00290939
1.59135  0.00288955
1.59174  0.00288368
1.59215  0.00288115
1.59226  0.00285165
1.59213  0.00282375
1.59227   0.0027969
1.59206  0.00277493
1.59151   0.0028013
1.59095  0.00282822
1.59128  0.00281833
1.59115  0.00279262
1.59096  0.00277089
