1.07193           0
1.07706  0.00513504
1.07609  0.00311902
1.0702  0.00629186
1.05793   0.0131998
1.06097   0.0111986
1.0618  0.00950079
1.06268  0.00827406
1.06376  0.00737784
1.06088  0.00720239
1.06175  0.00657345
1.0592  0.00651985
1.05768  0.00618703
1.05709  0.00575937
1.05961  0.00592559
1.05879  0.00560347
1.05795  0.00532943
1.05957  0.00527945
1.05976  0.00499745
1.05895  0.00481017
1.06052  0.00483905
1.06126  0.00467246
1.06161  0.00447856
1.0615  0.00428941
1.06151  0.00411426
1.06151  0.00395285
1.06197   0.0038316
1.06123  0.00376598
1.06184  0.00368462
1.06165  0.00356465
1.06136  0.00346007
1.06161  0.00335952
1.06196  0.00327504
1.06201  0.00317768
1.06153  0.00312365
1.06134  0.00304153
1.06138  0.00295842
1.06112  0.00289065
1.06093   0.0028221
1.06116  0.00276036
1.06126  0.00269383
1.06265  0.00297498
1.06214  0.00294937
1.06236  0.00289033
1.06305  0.00290732
1.06338  0.00286267
1.06308  0.00281714
1.06274  0.00277911
1.06328  0.00277552
1.06377  0.00276308
1.06398  0.00271625
1.06362  0.00268769
1.06342  0.00264347
1.06303  0.00262323
1.06269  0.00259856
1.06301  0.00257224
1.06287  0.00253076
1.06278   0.0024882
1.0626  0.00245218
1.06232  0.00242732
1.06253  0.00239598
1.06228   0.0023704
1.06165   0.0024146
1.06199  0.00240068
1.0617  0.00238066
1.06131  0.00237717
1.06069    0.002423
1.06081  0.00239025
1.06065  0.00236106
1.06081  0.00233273
1.06101  0.00230878
1.06096  0.00227706
1.06104  0.00224702
1.06125  0.00222665
1.06131  0.00219748
1.06121  0.00217072
1.06115  0.00214323
1.06102  0.00211956
1.0611  0.00209437
1.06112  0.00206806
1.06069  0.00208667
1.06082  0.00206511
1.06071  0.00204281
1.06063  0.00201991
1.06065  0.00199606
1.06081  0.00197957
1.06086  0.00195719
1.06072  0.00193959
1.0609  0.00192637
1.06116  0.00192246
1.06144  0.00192077
1.06151   0.0019011
1.06142   0.0018825
1.06151   0.0018646
1.06138  0.00184995
1.06101  0.00186753
1.06063  0.00188548
1.06085  0.00187889
1.06077  0.00186175
1.06064  0.00184726
