-5.0737           0
-5.08093  0.00722667
-5.07859  0.00478451
-5.06967  0.00953563
-5.05162   0.0195033
-5.05643   0.0166328
-5.05802   0.0141475
-5.0592   0.0123086
-5.06083   0.0109776
-5.05642    0.010766
-5.05777  0.00983162
-5.0539  0.00977563
-5.0517  0.00925631
-5.05089   0.0086083
-5.05472  0.00888502
-5.05351  0.00839883
-5.05214  0.00800849
-5.0547  0.00797396
-5.05492  0.00754595
-5.05364  0.00727334
-5.05605  0.00732652
-5.05717  0.00707447
-5.05769  0.00678007
-5.05752  0.00649378
-5.05758  0.00622892
-5.05755  0.00598463
-5.05829  0.00580644
-5.05704  0.00573337
-5.05803   0.0056195
-5.05778  0.00543452
-5.05726  0.00528178
-5.05764  0.00512767
-5.05818  0.00499989
-5.05827  0.00485133
-5.0575  0.00477201
-5.05722  0.00464597
-5.05731  0.00451942
-5.05692  0.00441623
-5.05663  0.00431081
-5.05691  0.00421053
-5.05703  0.00410833
-5.05919  0.00455572
-5.05835  0.00452786
-5.05866  0.00443508
-5.05972  0.00446314
-5.06025  0.00439618
-5.05977  0.00432816
-5.05929  0.00426338
-5.06012  0.00425729
-5.06086  0.00423492
-5.06115  0.00416162
-5.06065  0.00411176
-5.06035  0.00404473
-5.05976  0.00401172
-5.05926     0.00397
-5.05974  0.00392712
-5.05948  0.00386583
-5.05937  0.00380022
-5.05913  0.00374309
-5.0587  0.00370525
-5.05905  0.00366125
-5.05869  0.00361985
-5.05775  0.00368536
-5.05824  0.00366078
-5.05786  0.00362429
-5.05728  0.00361563
-5.0563  0.00369294
-5.05648  0.00364242
-5.05618  0.00360112
-5.05642  0.00355725
-5.05675   0.0035222
-5.05666  0.00347425
-5.05673  0.00342714
-5.05706  0.00339628
-5.05714  0.00335176
-5.05699  0.00331089
-5.05691  0.00326855
-5.05671  0.00323257
-5.05686  0.00319478
-5.05687  0.00315463
-5.05623  0.00318033
-5.05641  0.00314624
-5.05625  0.00311235
-5.05614  0.00307711
-5.05617  0.00304086
-5.05643  0.00301704
-5.05651  0.00298309
-5.05627  0.00295855
-5.05652  0.00293551
-5.05689  0.00292708
-5.05733  0.00292733
-5.05745  0.00289774
-5.05731  0.00286951
-5.05745  0.00284227
-5.05723  0.00282126
-5.05667  0.00284674
-5.05609  0.00287601
-5.05639  0.00286184
-5.05623  0.00283703
-5.05606  0.00281372
