1.87205           0
1.85598   0.0160644
1.91848    0.063177
1.95915   0.0604116
2.02203   0.0783857
1.98619   0.0733519
1.97964    0.062339
1.96457   0.0560515
1.95402   0.0505468
1.9679   0.0472933
1.96518   0.0428645
1.97467   0.0402638
1.97664   0.0370898
1.97521   0.0343682
1.9604   0.0352561
1.96356   0.0331296
1.97385   0.0327758
1.95747   0.0349714
1.9564   0.0330968
1.97212   0.0351137
1.96265   0.0347182
1.96244   0.0331031
1.96586   0.0318152
1.96481   0.0304788
1.9625   0.0293251
1.95932   0.0283536
1.95896   0.0272857
1.96362   0.0267034
1.95693    0.026621
1.95559   0.0257533
1.95576   0.0249094
1.95239   0.0243526
1.94872    0.023887
1.9506   0.0232498
1.95608   0.0232322
1.9564   0.0225799
1.9541   0.0220817
1.95553   0.0215402
1.95467    0.020998
1.95585   0.0204999
1.95857   0.0201781
1.94837    0.022175
1.95334   0.0222161
1.95478   0.0217528
1.9494   0.0219334
1.94557    0.021791
1.949    0.021597
1.9519   0.0213395
1.9512   0.0209112
1.94836   0.0206843
1.94664   0.0203477
1.9462   0.0199572
1.94861   0.0197239
1.95085   0.0194852
1.95386   0.0193627
1.95278   0.0190448
1.95637   0.0190494
1.9551   0.0187609
1.95462   0.0184463
1.95576   0.0181715
1.95084   0.0185357
1.95054   0.0182367
1.95511   0.0185195
1.95408   0.0182575
1.95364   0.0179797
1.95671   0.0179689
1.9612   0.0182588
1.95951   0.0180675
1.95958   0.0178039
1.95767   0.0176511
1.95562   0.0175211
1.95454   0.0173096
1.95469   0.0170716
1.95434   0.0168431
1.95522   0.0166402
1.95653    0.016472
1.95671   0.0162577
1.95793   0.0160943
1.95822    0.015892
1.95844   0.0156936
1.96037   0.0156192
1.95978   0.0154388
1.96158   0.0153573
1.96182   0.0151752
1.96151   0.0149988
1.96007   0.0148929
1.96128     0.01477
1.9629   0.0146911
1.96189   0.0145604
1.96004   0.0145158
1.95854   0.0144332
1.95786   0.0142917
1.95816   0.0141405
1.95813   0.0139893
1.9594   0.0138991
1.96197   0.0139916
1.96579    0.014365
1.96586   0.0142179
1.96571   0.0140743
1.96597   0.0139354
