0.0428462 0
0.0458109 0.00296464
0.0454974 0.0017401
0.0475596 0.00240135
0.0484589 0.0020661
0.0477347 0.00183584
0.048784 0.00187304
0.048679 0.00162549
0.0483147 0.0014791
0.0486574 0.00136662
0.0489668 0.00127427
0.0494121 0.00124556
0.0493994 0.00114582
0.0495234 0.00106804
0.0494223 0.000999421
0.049368 0.000936446
0.0491561 0.000904806
0.0495297 0.000931284
0.0495861 0.000882714
0.049908 0.000897149
0.0498202 0.00085787
0.0501088 0.000867393
0.0501187 0.000828881
0.0501833 0.000796221
0.0502595 0.0007675
0.0502711 0.000737482
0.0503304 0.000712108
0.0501006 0.000723659
0.0499777 0.000708988
0.0499339 0.000686343
0.049924 0.000663908
0.0500265 0.000650939
0.05 0.000631459
0.0499729 0.000613203
0.050042 0.000599422
0.0499295 0.000593315
0.0498902 0.000578388
0.0499594 0.0005672
0.0498586 0.00056159
0.0497953 0.000551016
0.0496609 0.000553968
0.0496304 0.000541477
0.0497132 0.000535184
0.0497055 0.000522936
0.0495469 0.000535229
0.0495679 0.000523885
0.0497082 0.000531483
0.0495844 0.000534827
0.0496294 0.000525724
0.0495306 0.000524478
0.04953 0.000514092
0.0495245 0.000504138
0.0494367 0.000502278
0.0494049 0.000493912
0.0494211 0.000485118
0.0495355 0.00048993
0.0495698 0.000482477
0.0496058 0.000475452
0.049712 0.000479242
0.0498045 0.000480183
0.0497991 0.000472277
0.0497947 0.000464618
0.0497781 0.000457483
0.0497091 0.000455545
0.0498633 0.000474261
0.0497875 0.000473128
0.0497474 0.000467737
0.049778 0.000461825
0.0497652 0.000455265
0.0498849 0.000464421
0.0499077 0.0004584
0.0499288 0.000452479
0.0499317 0.000446247
0.0499213 0.000440298
0.0498923 0.000435353
0.0499198 0.000430465
0.0498626 0.000428667
0.0498698 0.000423197
0.0498551 0.000418064
0.0498392 0.000413112
0.049878 0.000409818
0.0498962 0.000405197
0.0498178 0.000407892
0.0498848 0.000408545
0.0498413 0.000406043
0.0498961 0.000405007
0.0498632 0.000401674
0.0499526 0.000407035
0.0498751 0.000409841
0.0498498 0.00040605
0.0498675 0.000401954
0.0498394 0.00039855
0.0497902 0.000397303
0.0497797 0.000393193
0.0497859 0.00038908
0.0497673 0.000385455
0.049721 0.00038425
0.0496951 0.000381194
0.0497102 0.000377626
0.0497111 0.000373832
