1.40575 0
1.40574 1.24762e-05
1.40572 1.71334e-05
1.40571 1.89697e-05
1.40571 1.51737e-05
1.40572 1.5831e-05
1.40572 1.34489e-05
1.40572 1.18817e-05
1.40571 1.12223e-05
1.40571 1.02913e-05
1.40571 1.04549e-05
1.4057 1.07534e-05
1.4057 1.11834e-05
1.40569 1.22188e-05
1.40569 1.19218e-05
1.40568 1.14616e-05
1.40568 1.07762e-05
1.40568 1.02413e-05
1.40568 9.69102e-06
1.40568 9.20582e-06
1.40568 8.79747e-06
1.40569 8.61102e-06
1.40569 8.99282e-06
1.40569 9.4439e-06
1.4057 9.71208e-06
1.4057 9.79381e-06
1.4057 9.78003e-06
1.4057 9.60553e-06
1.4057 9.32365e-06
1.40571 9.11709e-06
1.40571 8.83328e-06
1.4057 9.2872e-06
1.4057 9.3758e-06
1.4057 9.30816e-06
1.40569 9.38206e-06
1.40569 9.64774e-06
1.40569 9.5472e-06
1.40569 9.42526e-06
1.40569 9.34188e-06
1.40569 9.14632e-06
1.40568 8.96338e-06
1.40568 8.83893e-06
1.40568 8.64995e-06
1.40568 8.45251e-06
1.40568 8.43359e-06
1.40569 8.27677e-06
1.40569 8.13933e-06
1.40569 8.23119e-06
1.40569 8.28177e-06
1.40569 8.36992e-06
1.40569 8.30488e-06
1.40569 8.23309e-06
1.4057 8.2268e-06
1.4057 8.11712e-06
1.4057 8.11711e-06
1.4057 8.32037e-06
1.4057 8.52447e-06
1.4057 8.39025e-06
1.4057 8.24745e-06
1.4057 8.13231e-06
1.4057 7.99886e-06
1.4057 7.92183e-06
1.40571 8.0119e-06
1.40571 8.03143e-06
1.40571 8.01587e-06
1.40571 8.07639e-06
1.40571 8.11862e-06
1.40571 8.12537e-06
1.40571 8.00919e-06
1.40571 7.93727e-06
1.40571 7.82681e-06
1.40571 7.81344e-06
1.40572 7.89141e-06
1.40572 8.03528e-06
1.40572 8.25205e-06
1.40572 8.26756e-06
1.40572 8.19698e-06
1.40572 8.1072e-06
1.40572 8.04333e-06
1.40573 8.02117e-06
1.40573 7.98041e-06
1.40573 7.88356e-06
1.40573 7.79505e-06
1.40573 7.70764e-06
1.40573 7.64318e-06
1.40573 7.55675e-06
1.40573 7.47572e-06
1.40573 7.40577e-06
1.40573 7.36217e-06
1.40573 7.2802e-06
1.40573 7.20523e-06
1.40573 7.13063e-06
1.40573 7.11194e-06
1.40573 7.08897e-06
1.40573 7.04201e-06
1.40573 6.97078e-06
1.40573 6.90164e-06
1.40573 6.85163e-06
1.40573 6.80485e-06
1.40573 6.74021e-06
