1.80077 0
1.79638 0.00439463
1.79318 0.00407901
1.80842 0.0155045
1.81989 0.0166113
1.83197 0.0181643
1.84471 0.0199457
1.84463 0.0172737
1.84506 0.01524
1.84896 0.0141794
1.85411 0.0138199
1.85692 0.0129255
1.85627 0.0119072
1.85463 0.0111452
1.85223 0.0106511
1.84958 0.010308
1.84404 0.0111561
1.84111 0.01092
1.8385 0.0106545
1.83637 0.0103297
1.8346 0.00998325
1.83467 0.00951891
1.83421 0.00910734
1.83574 0.00885408
1.83609 0.00849976
1.83704 0.00822127
1.83649 0.00793008
1.83451 0.0078936
1.83289 0.00778703
1.83348 0.00754557
1.83283 0.00732683
1.83188 0.00715696
1.83086 0.0070118
1.83028 0.00682681
1.83035 0.0066292
1.82952 0.00649535
1.8291 0.00633142
1.82764 0.00633346
1.82636 0.00630009
1.82522 0.00624558
1.8234 0.00635651
1.82199 0.00636165
1.82224 0.00621705
1.82219 0.0060743
1.82153 0.00597429
1.8209 0.00587666
1.82003 0.00581673
1.81854 0.00588646
1.81768 0.00582777
1.81569 0.00604792
1.81451 0.00604532
1.81364 0.00599068
1.81194 0.00611801
1.81064 0.0061424
1.81009 0.00605501
1.81141 0.00609123
1.81177 0.00599401
1.81207 0.0058975
1.81289 0.00585416
1.81288 0.00575577
1.81283 0.00566083
1.81324 0.00558368
1.81339 0.00549635
1.81267 0.00545711
1.81227 0.00538703
1.81155 0.00535338
1.81045 0.00538657
1.81014 0.0053158
1.80986 0.00524604
1.81022 0.00518323
1.80995 0.00511658
1.80988 0.00504559
1.81007 0.00497985
1.81025 0.00491519
1.80983 0.00486736
1.80949 0.00481443
1.80924 0.00475842
1.80895 0.00470564
1.80884 0.00464701
1.80855 0.00459804
1.80812 0.0045612
1.80756 0.00453933
1.80684 0.00454196
1.80697 0.00448955
1.80729 0.00444737
1.80765 0.00441046
1.80756 0.00436034
1.80765 0.00431145
1.80725 0.00428155
1.80727 0.00423374
1.80771 0.00420976
1.80793 0.00417001
1.80807 0.00412719
1.80836 0.00409352
1.80834 0.00405026
1.80811 0.00401448
1.80751 0.00401774
1.8067 0.00405809
1.80599 0.00407995
1.80537 0.00408543
