1.20051 0
1.19758 0.00292976
1.19545 0.00271934
1.20561 0.0103363
1.21326 0.0110742
1.22132 0.0121095
1.22981 0.0132972
1.22975 0.0115158
1.23004 0.01016
1.23264 0.00945291
1.23607 0.00921325
1.23795 0.00861697
1.23752 0.00793816
1.23642 0.00743014
1.23482 0.00710076
1.23306 0.006872
1.22936 0.00743739
1.22741 0.00727998
1.22566 0.00710298
1.22424 0.00688647
1.22307 0.0066555
1.22311 0.00634594
1.2228 0.00607156
1.22383 0.00590272
1.22406 0.00566651
1.22469 0.00548085
1.22433 0.00528672
1.22301 0.0052624
1.22193 0.00519135
1.22232 0.00503038
1.22189 0.00488455
1.22125 0.0047713
1.22057 0.00467453
1.22019 0.0045512
1.22023 0.00441947
1.21968 0.00433023
1.2194 0.00422095
1.21842 0.00422231
1.21757 0.00420006
1.21681 0.00416372
1.2156 0.00423767
1.21466 0.0042411
1.21483 0.0041447
1.21479 0.00404954
1.21436 0.00398286
1.21394 0.00391778
1.21335 0.00387782
1.21236 0.00392431
1.21179 0.00388518
1.21046 0.00403194
1.20967 0.00403021
1.20909 0.00399379
1.20796 0.00407867
1.20709 0.00409494
1.20673 0.00403667
1.20761 0.00406082
1.20784 0.00399601
1.20805 0.00393167
1.20859 0.00390277
1.20858 0.00383718
1.20855 0.00377388
1.20882 0.00372245
1.20892 0.00366423
1.20845 0.00363807
1.20818 0.00359135
1.2077 0.00356892
1.20697 0.00359105
1.20676 0.00354386
1.20657 0.00349736
1.20681 0.00345549
1.20663 0.00341106
1.20658 0.00336373
1.20671 0.0033199
1.20683 0.0032768
1.20655 0.00324491
1.20633 0.00320962
1.20616 0.00317228
1.20597 0.0031371
1.20589 0.00309801
1.2057 0.00306536
1.20541 0.0030408
1.20504 0.00302622
1.20456 0.00302798
1.20465 0.00299303
1.20486 0.00296492
1.2051 0.0029403
1.20504 0.00290689
1.2051 0.0028743
1.20484 0.00285437
1.20485 0.00282249
1.20514 0.00280651
1.20529 0.00278
1.20538 0.00275146
1.20558 0.00272901
1.20556 0.00270018
1.20541 0.00267632
1.20501 0.00267849
1.20447 0.00270539
1.20399 0.00271997
1.20358 0.00272362
