-0.395021 0
-0.390639 0.00438216
-0.387461 0.00406236
-0.402709 0.0155166
-0.414182 0.0166155
-0.426254 0.0181603
-0.43899 0.019944
-0.438911 0.0172722
-0.439344 0.0152388
-0.443251 0.0141789
-0.448403 0.0138213
-0.45122 0.0129278
-0.450579 0.0119091
-0.448946 0.011146
-0.446543 0.010651
-0.443902 0.0103072
-0.43836 0.0111557
-0.435424 0.0109199
-0.432811 0.0106545
-0.430682 0.0103296
-0.428915 0.00998305
-0.428982 0.0095187
-0.428517 0.00910733
-0.43005 0.00885339
-0.430397 0.00849896
-0.431343 0.00822017
-0.43079 0.0079292
-0.428809 0.00789325
-0.427188 0.0077869
-0.42777 0.00754534
-0.427122 0.00732656
-0.42618 0.00715622
-0.425159 0.00701071
-0.424585 0.00682559
-0.424652 0.00662805
-0.423828 0.00649383
-0.423408 0.00632984
-0.421948 0.0063316
-0.420671 0.00629796
-0.419531 0.00624338
-0.417715 0.0063542
-0.416306 0.00635917
-0.416559 0.00621465
-0.416509 0.00607197
-0.415848 0.0059722
-0.415219 0.00587471
-0.414342 0.00581496
-0.412848 0.00588531
-0.411993 0.00582694
-0.409998 0.00604782
-0.408812 0.00604548
-0.407946 0.00599102
-0.406243 0.00611876
-0.404944 0.0061433
-0.404389 0.00605603
-0.405709 0.00609169
-0.406063 0.00599432
-0.406365 0.00589777
-0.407183 0.00585441
-0.407173 0.00575602
-0.407125 0.00566107
-0.407532 0.00558385
-0.407679 0.00549647
-0.40696 0.00545743
-0.406563 0.00538744
-0.405842 0.00535401
-0.404739 0.00538751
-0.404428 0.0053168
-0.404141 0.00524704
-0.404504 0.00518427
-0.404239 0.0051176
-0.404162 0.00504661
-0.404356 0.00498079
-0.404529 0.00491605
-0.404107 0.0048684
-0.403772 0.00481555
-0.403515 0.00475957
-0.403229 0.00470681
-0.403118 0.00464818
-0.402822 0.00459926
-0.402391 0.00456249
-0.401836 0.00454062
-0.401114 0.00454327
-0.401247 0.00449082
-0.401558 0.00444859
-0.401923 0.00441164
-0.401835 0.00436151
-0.401926 0.00431262
-0.401526 0.00428263
-0.401541 0.00423481
-0.401978 0.00421078
-0.402207 0.004171
-0.402342 0.00412815
-0.402634 0.0040944
-0.402611 0.00405113
-0.402381 0.00401535
-0.401782 0.00401856
-0.400973 0.00405878
-0.400259 0.00408053
-0.399645 0.00408596
